\BOOKMARK [0][-]{chapter.1}{\376\377\000序\000論}{}% 1
\BOOKMARK [1][-]{section.1.1}{\376\377\000C\000M\000B\000の\000温\000度\000異\000方\000性\000と\000現\000代\000宇\000宙\000論}{chapter.1}% 2
\BOOKMARK [2][-]{subsection.1.1.1}{\376\377\000C\000M\000B\000の\000温\000度\000異\000方\000性}{section.1.1}% 3
\BOOKMARK [2][-]{subsection.1.1.2}{\376\377\000-\000C\000D\000M\000モ\000デ\000ル}{section.1.1}% 4
\BOOKMARK [2][-]{subsection.1.1.3}{\376\377\000地\000平\000線\000問\000題}{section.1.1}% 5
\BOOKMARK [1][-]{section.1.2}{\376\377\000C\000M\000B\000の\000偏\000光\000と\000イ\000ン\000フ\000レ\000ー\000シ\000ョ\000ン\000理\000論}{chapter.1}% 6
\BOOKMARK [2][-]{subsection.1.2.1}{\376\377\000イ\000ン\000フ\000レ\000ー\000シ\000ョ\000ン\000理\000論}{section.1.2}% 7
\BOOKMARK [2][-]{subsection.1.2.2}{\376\377\000C\000M\000B\000の\000偏\000光\000モ\000ー\000ド}{section.1.2}% 8
\BOOKMARK [2][-]{subsection.1.2.3}{\376\377\000偏\000光\000B\000モ\000ー\000ド\000の\000探\000索\000状\000況}{section.1.2}% 9
\BOOKMARK [1][-]{section.1.3}{\376\377\000C\000M\000B\000の\000偏\000光\000と\000ニ\000ュ\000ー\000ト\000リ\000ノ\000質\000量\000和}{chapter.1}% 10
\BOOKMARK [2][-]{subsection.1.3.1}{\376\377\000宇\000宙\000の\000再\000電\000離\000と\000光\000学\000的\000厚\000み\000\040}{section.1.3}% 11
\BOOKMARK [2][-]{subsection.1.3.2}{\376\377\000ニ\000ュ\000ー\000ト\000リ\000ノ\000質\000量\000和\000と\000の\000縮\000退}{section.1.3}% 12
\BOOKMARK [2][-]{subsection.1.3.3}{\376\377\000偏\000光\000E\000モ\000ー\000ド\000と}{section.1.3}% 13
\BOOKMARK [1][-]{section.1.4}{\376\377\000本\000論\000文\000の\000構\000成}{chapter.1}% 14
\BOOKMARK [0][-]{chapter.2}{\376\377\000今\000後\000の\000展\000望}{}% 15
\BOOKMARK [1][-]{section.2.1}{\376\377\000大\000気\000揺\000ら\000ぎ\000に\000由\000来\000す\000る\000ノ\000イ\000ズ\000の\000モ\000デ\000リ\000ン\000グ}{chapter.2}% 16
\BOOKMARK [1][-]{section.2.2}{\376\377\000両\000偏\000波\000ア\000ン\000テ\000ナ\000を\000搭\000載\000し\000た\000焦\000点\000面\000検\000出\000器\000の\000ア\000ッ\000プ\000デ\000ー\000ト}{chapter.2}% 17
\BOOKMARK [0][-]{chapter.3}{\376\377\000ま\000と\000め}{}% 18
\BOOKMARK [0][-]{chapter.4}{\376\377\000謝\000辞}{}% 19
\BOOKMARK [0][-]{chapter*.20}{\376\377\000参\000考\000文\000献}{}% 20
\BOOKMARK [0][-]{appendix.A}{\376\377\000Z\000y\000n\000q\000へ\000の\000l\000i\000n\000u\000x\000搭\000載}{}% 21
